


ARM Macro Assembler    Page 1 


    1 00000000         ;array of 5 32-numbers present from location 0x4000 0000
                       . Find the sum of these numbers and store back in 0x4000
                        1000.
    2 00000000                 AREA             program,CODE,READONLY
    3 00000000                 ENTRY
    4 00000000 E3A00005        LDR              R0,=5       ; Initializing coun
                                                            ter register
    5 00000004 E3A01101        LDR              R1,=0x40000000 ; Loading base a
                                                            ddress to a registe
                                                            r
    6 00000008         loop
    7 00000008 E4912004        LDR              R2,[R1],#4  ; Loading value fro
                                                            m array and updatin
                                                            g(increment) the ad
                                                            dress
    8 0000000C E0833002        ADD              R3,R3,R2    ; Sum is stored in 
                                                            R3 register
    9 00000010 E2400001        SUB              R0,R0,#1    ; Decrementing coun
                                                            ter value
   10 00000014 E3500000        CMP              R0,#00      ; Checking counter 
                                                            value
   11 00000018 1AFFFFFA        BNE              loop
   12 0000001C E59F4000        LDR              R4,=0x40001000
   13 00000020 E5843000        STR              R3,[R4]
   14 00000024         
   15 00000024                 END
              40001000 
Command Line: --debug --xref --diag_suppress=9931 --apcs=interwork --depend=.\o
bjects\array_5_32b_num.d -o.\objects\array_5_32b_num.o -IC:\Keil_v5\ARM\RV31\IN
C -IC:\Keil_v5\ARM\CMSIS\Include --predefine="__EVAL SETA 1" --predefine="__UVI
SION_VERSION SETA 529" --list=.\listings\array_5_32b_num.lst array_5_32b_num.s



ARM Macro Assembler    Page 1 Alphabetic symbol ordering
Relocatable symbols

loop 00000008

Symbol: loop
   Definitions
      At line 6 in file array_5_32b_num.s
   Uses
      At line 11 in file array_5_32b_num.s
Comment: loop used once
program 00000000

Symbol: program
   Definitions
      At line 2 in file array_5_32b_num.s
   Uses
      None
Comment: program unused
2 symbols
336 symbols in table
